<?xml version="1.0" encoding="UTF-8"?>
<!-- Generated by org.testng.reporters.JUnitXMLReporter -->
<testsuite ignored="0" hostname="USMUMSWKHAIR3" failures="0" tests="2" name="Test" time="0.193" errors="0" timestamp="05 Jan 2021 06:50:03 GMT">
  <testcase classname="projectSauceDemo.ValidateHomePageFunctionalitiesTest" name="@BeforeTest initializeTest" time="0.147">
    <failure type="java.lang.IllegalStateException" message="The driver executable does not exist: C:\Java_Programs\Collections\SauceDemo\BrowserDriver\geckodriver.exe">
      <![CDATA[java.lang.IllegalStateException: The driver executable does not exist: C:\Java_Programs\Collections\SauceDemo\BrowserDriver\geckodriver.exe
at com.google.common.base.Preconditions.checkState(Preconditions.java:585)
at org.openqa.selenium.remote.service.DriverService.checkExecutable(DriverService.java:146)
at org.openqa.selenium.remote.service.DriverService.findExecutable(DriverService.java:141)
at org.openqa.selenium.firefox.GeckoDriverService.access$100(GeckoDriverService.java:44)
at org.openqa.selenium.firefox.GeckoDriverService$Builder.findDefaultExecutable(GeckoDriverService.java:167)
at org.openqa.selenium.remote.service.DriverService$Builder.build(DriverService.java:355)
at org.openqa.selenium.firefox.FirefoxDriver.toExecutor(FirefoxDriver.java:190)
at org.openqa.selenium.firefox.FirefoxDriver.<init>(FirefoxDriver.java:147)
at org.openqa.selenium.firefox.FirefoxDriver.<init>(FirefoxDriver.java:125)
at resources.base.initializeDriver(base.java:27)
at projectSauceDemo.ValidateHomePageFunctionalitiesTest.initializeTest(ValidateHomePageFunctionalitiesTest.java:20)
... Removed 24 stack frames]]>
    </failure>
  </testcase> <!-- @BeforeTest initializeTest -->
  <testcase classname="projectSauceDemo.ValidateHomePageFunctionalitiesTest" name="@AfterTest tearDown" time="0.0">
    <skipped/>
  </testcase> <!-- @AfterTest tearDown -->
  <testcase classname="projectSauceDemo.ValidateHomePageFunctionalitiesTest" name="validateAddToCart" time="0.0">
    <skipped/>
  </testcase> <!-- validateAddToCart -->
  <testcase classname="projectSauceDemo.ValidateHomePageFunctionalitiesTest" name="validateCartHeaderBlinkingLink" time="0.0">
    <skipped/>
  </testcase> <!-- validateCartHeaderBlinkingLink -->
</testsuite> <!-- Test -->
